Base path: E:/Unity/Editor/Data
Cmd: initializeCompiler
Cmd: preprocess
  insize=1592 outsize=525 ok=1
Cmd: preprocess
  insize=1741 outsize=571 ok=1
Cmd: preprocess
  insize=1922 outsize=522 ok=1
Cmd: preprocess
  insize=2853 outsize=567 ok=1
Cmd: preprocess
  insize=1951 outsize=526 ok=1
Cmd: preprocess
  insize=1981 outsize=523 ok=1
Cmd: preprocess
  insize=1752 outsize=531 ok=1
Cmd: preprocess
  insize=2022 outsize=512 ok=1
Cmd: preprocess
  insize=1728 outsize=570 ok=1
Cmd: preprocess
  insize=3531 outsize=460 ok=1
Cmd: preprocess
  insize=1371 outsize=556 ok=1
Cmd: preprocess
  insize=2086 outsize=568 ok=1
Cmd: preprocess
  insize=2386 outsize=570 ok=1
Cmd: preprocess
  insize=2132 outsize=568 ok=1
Cmd: preprocess
  insize=1783 outsize=605 ok=1
Cmd: preprocess
  insize=1444 outsize=572 ok=1
Cmd: preprocess
  insize=2329 outsize=523 ok=1
Cmd: preprocess
  insize=2879 outsize=566 ok=1
Cmd: preprocess
  insize=2233 outsize=576 ok=1
Cmd: preprocess
  insize=1929 outsize=616 ok=1
Cmd: preprocess
  insize=1635 outsize=567 ok=1
Cmd: preprocess
  insize=2658 outsize=570 ok=1
Cmd: preprocess
  insize=2473 outsize=570 ok=1
Cmd: preprocess
  insize=1375 outsize=440 ok=1
Cmd: preprocess
  insize=2165 outsize=578 ok=1
Cmd: preprocess
  insize=3487 outsize=561 ok=1
Cmd: preprocess
  insize=3865 outsize=676 ok=1
Cmd: preprocess
  insize=1712 outsize=708 ok=1
Cmd: preprocess
  insize=1654 outsize=626 ok=1
Cmd: preprocess
  insize=1557 outsize=523 ok=1
Cmd: preprocess
  insize=1942 outsize=573 ok=1
Cmd: preprocess
  insize=3157 outsize=538 ok=1
Cmd: preprocess
  insize=1619 outsize=517 ok=1
Cmd: preprocess
  insize=1556 outsize=639 ok=1
Cmd: preprocess
  insize=2824 outsize=566 ok=1
Cmd: preprocess
  insize=1817 outsize=534 ok=1
Cmd: preprocess
  insize=2380 outsize=577 ok=1
Cmd: preprocess
  insize=1457 outsize=575 ok=1
Cmd: preprocess
  insize=4222 outsize=553 ok=1
Cmd: preprocess
  insize=1382 outsize=573 ok=1
Cmd: preprocess
  insize=2122 outsize=595 ok=1
Cmd: preprocess
  insize=1938 outsize=603 ok=1
Cmd: preprocess
  insize=2701 outsize=521 ok=1
Cmd: preprocess
  insize=1893 outsize=522 ok=1
Cmd: preprocess
  insize=4522 outsize=867 ok=1
Cmd: preprocess
  insize=1487 outsize=555 ok=1
Cmd: preprocess
  insize=1628 outsize=574 ok=1
Cmd: preprocess
  insize=2108 outsize=603 ok=1
Cmd: preprocess
  insize=1898 outsize=563 ok=1
Cmd: preprocess
  insize=1694 outsize=574 ok=1
Cmd: preprocess
  insize=1752 outsize=573 ok=1
Cmd: preprocess
  insize=2790 outsize=567 ok=1
Cmd: preprocess
  insize=1202 outsize=553 ok=1
Cmd: preprocess
  insize=2827 outsize=669 ok=1
Cmd: preprocess
  insize=4293 outsize=997 ok=1
Cmd: preprocess
  insize=2474 outsize=522 ok=1
Cmd: preprocess
  insize=1783 outsize=575 ok=1
Cmd: preprocess
  insize=1867 outsize=534 ok=1
Cmd: preprocess
  insize=3188 outsize=581 ok=1
Cmd: preprocess
  insize=1882 outsize=523 ok=1
Cmd: preprocess
  insize=2304 outsize=566 ok=1
Cmd: preprocess
  insize=2421 outsize=674 ok=1
Cmd: preprocess
  insize=2703 outsize=541 ok=1
Cmd: preprocess
  insize=3537 outsize=459 ok=1
Cmd: preprocess
  insize=1629 outsize=522 ok=1
Cmd: preprocess
  insize=1660 outsize=586 ok=1
Cmd: preprocess
  insize=2434 outsize=639 ok=1
Cmd: preprocess
  insize=1724 outsize=518 ok=1
Cmd: preprocess
  insize=2254 outsize=605 ok=1
Cmd: preprocess
  insize=1545 outsize=568 ok=1
Cmd: preprocess
  insize=1753 outsize=573 ok=1
Cmd: preprocess
  insize=1774 outsize=532 ok=1
Cmd: preprocess
  insize=1981 outsize=571 ok=1
Cmd: preprocess
  insize=2231 outsize=630 ok=1
Cmd: preprocess
  insize=1733 outsize=667 ok=1
Cmd: preprocess
  insize=2828 outsize=669 ok=1
Cmd: preprocess
  insize=1669 outsize=507 ok=1
Cmd: preprocess
  insize=1922 outsize=523 ok=1
Cmd: preprocess
  insize=1829 outsize=740 ok=1
Cmd: preprocess
  insize=1734 outsize=572 ok=1
Cmd: preprocess
  insize=3305 outsize=528 ok=1
Cmd: preprocess
  insize=2263 outsize=740 ok=1
Cmd: preprocess
  insize=2091 outsize=459 ok=1
Cmd: preprocess
  insize=2054 outsize=464 ok=1
Cmd: preprocess
  insize=3151 outsize=637 ok=1
Cmd: preprocess
  insize=1575 outsize=413 ok=1
Cmd: preprocess
  insize=2311 outsize=577 ok=1
Cmd: preprocess
  insize=1623 outsize=461 ok=1
Cmd: compileSnippet
  error: 2 plat 4 at (69): undeclared identifier 'uvst2'\nCompiling Vertex program
Platform defines: UNITY_NO_DXT5nm UNITY_ENABLE_REFLECTION_BUFFERS UNITY_NO_CUBEMAP_ARRAY UNITY_USE_DITHER_MASK_FOR_ALPHABLENDED_SHADOWS UNITY_PBS_USE_BRDF1 UNITY_SPECCUBE_BOX_PROJECTION UNITY_SPECCUBE_BLENDING UNITY_ENABLE_DETAIL_NORMALMAP SHADER_API_DESKTOP UNITY_COLORSPACE_GAMMA UNITY_LIGHT_PROBE_PROXY_VOLUME UNITY_LIGHTMAP_DLDR_ENCODING
  api=4 type=0 insize=1600 outsize=0 kw= pd=UNITY_NO_DXT5nm UNITY_ENABLE_REFLECTION_BUFFERS UNITY_NO_CUBEMAP_ARRAY UNITY_USE_DITHER_MASK_FOR_ALPHABLENDED_SHADOWS UNITY_PBS_USE_BRDF1 UNITY_SPECCUBE_BOX_PROJECTION UNITY_SPECCUBE_BLENDING UNITY_ENABLE_DETAIL_NORMALMAP SHADER_API_DESKTOP UNITY_COLORSPACE_GAMMA UNITY_LIGHT_PROBE_PROXY_VOLUME UNITY_LIGHTMAP_DLDR_ENCODING ok=0
Cmd: preprocess
  insize=2050 outsize=572 ok=1
Cmd: preprocess
  insize=2501 outsize=639 ok=1
Cmd: preprocess
  insize=1630 outsize=520 ok=1
Cmd: preprocess
  insize=1884 outsize=523 ok=1
Cmd: preprocess
  insize=2259 outsize=737 ok=1
Cmd: preprocess
  insize=1550 outsize=569 ok=1
Cmd: preprocess
  insize=3883 outsize=784 ok=1
Cmd: preprocess
  insize=1637 outsize=571 ok=1
Cmd: preprocess
  insize=3382 outsize=833 ok=1
Cmd: preprocess
  insize=1749 outsize=551 ok=1
Cmd: preprocess
  insize=1839 outsize=573 ok=1
Cmd: preprocess
  insize=1905 outsize=514 ok=1
Cmd: preprocess
  insize=2481 outsize=641 ok=1
Cmd: preprocess
  insize=1862 outsize=651 ok=1
Cmd: preprocess
  insize=2022 outsize=535 ok=1
Cmd: preprocess
  insize=2037 outsize=666 ok=1
Cmd: preprocess
  insize=2305 outsize=540 ok=1
Cmd: preprocess
  insize=2164 outsize=671 ok=1
Cmd: preprocess
  insize=1993 outsize=534 ok=1
Cmd: preprocess
  insize=1736 outsize=523 ok=1
Cmd: preprocess
  insize=2310 outsize=597 ok=1
Cmd: preprocess
  insize=4417 outsize=677 ok=1
Cmd: preprocess
  insize=1937 outsize=526 ok=1
Cmd: preprocess
  insize=1697 outsize=503 ok=1
Cmd: preprocess
  insize=3101 outsize=521 ok=1
Cmd: preprocess
  insize=1448 outsize=545 ok=1
Cmd: preprocess
  insize=2057 outsize=520 ok=1
Cmd: preprocess
  insize=1527 outsize=522 ok=1
Cmd: preprocess
  insize=2039 outsize=522 ok=1
Cmd: preprocess
  insize=1999 outsize=642 ok=1
Cmd: preprocess
  insize=1694 outsize=523 ok=1
Cmd: preprocess
  insize=3204 outsize=420 ok=1
Cmd: preprocess
  insize=2107 outsize=666 ok=1
Cmd: preprocess
  insize=1892 outsize=521 ok=1
Cmd: preprocess
  insize=2658 outsize=467 ok=1
Cmd: preprocess
  insize=1703 outsize=550 ok=1
Cmd: preprocess
  insize=1392 outsize=613 ok=1
Cmd: preprocess
  insize=1487 outsize=590 ok=1
Cmd: preprocess
  insize=1316 outsize=512 ok=1
Cmd: preprocess
  insize=1890 outsize=574 ok=1
Cmd: preprocess
  insize=2206 outsize=628 ok=1
Cmd: preprocess
  insize=3122 outsize=667 ok=1
Cmd: preprocess
  insize=1991 outsize=737 ok=1
Cmd: preprocess
  insize=1756 outsize=575 ok=1
Cmd: preprocess
  insize=2776 outsize=668 ok=1
Cmd: preprocess
  insize=1910 outsize=621 ok=1
Cmd: preprocess
  insize=2006 outsize=525 ok=1
Cmd: preprocess
  insize=2086 outsize=522 ok=1
Cmd: preprocess
  insize=1484 outsize=513 ok=1
Cmd: preprocess
  insize=2006 outsize=749 ok=1
Cmd: preprocess
  insize=2882 outsize=752 ok=1
Cmd: preprocess
  insize=2329 outsize=526 ok=1
Cmd: preprocess
  insize=2734 outsize=530 ok=1
Cmd: preprocess
  insize=3877 outsize=785 ok=1
Cmd: preprocess
  insize=2114 outsize=528 ok=1
Cmd: preprocess
  insize=1949 outsize=527 ok=1
Cmd: preprocess
  insize=2449 outsize=462 ok=1
Cmd: preprocess
  insize=1793 outsize=536 ok=1
Cmd: preprocess
  insize=2452 outsize=464 ok=1
Cmd: preprocess
  insize=2144 outsize=592 ok=1
Cmd: preprocess
  insize=1944 outsize=571 ok=1
Cmd: preprocess
  insize=2167 outsize=639 ok=1
Cmd: preprocess
  insize=2744 outsize=544 ok=1
Cmd: preprocess
  insize=1740 outsize=570 ok=1
Cmd: preprocess
  insize=2308 outsize=671 ok=1
Cmd: preprocess
  insize=1255 outsize=551 ok=1
Cmd: preprocess
  insize=2967 outsize=531 ok=1
Cmd: preprocess
  insize=1992 outsize=528 ok=1
Cmd: preprocess
  insize=1736 outsize=571 ok=1
Cmd: preprocess
  insize=1913 outsize=523 ok=1
Cmd: preprocess
  insize=1575 outsize=525 ok=1
Cmd: preprocess
  insize=1428 outsize=517 ok=1
Cmd: preprocess
  insize=1916 outsize=612 ok=1
Cmd: preprocess
  insize=1786 outsize=558 ok=1
Cmd: preprocess
  insize=3965 outsize=789 ok=1
Cmd: preprocess
  insize=1735 outsize=571 ok=1
Cmd: preprocess
  insize=2109 outsize=522 ok=1
Cmd: preprocess
  insize=1932 outsize=573 ok=1
Cmd: preprocess
  insize=1931 outsize=517 ok=1
Cmd: preprocess
  insize=2624 outsize=683 ok=1
Cmd: preprocess
  insize=2402 outsize=462 ok=1
Cmd: preprocess
  insize=1658 outsize=529 ok=1
Cmd: preprocess
  insize=2258 outsize=668 ok=1
Cmd: preprocess
  insize=2808 outsize=511 ok=1
Cmd: preprocess
  insize=2973 outsize=546 ok=1
Cmd: preprocess
  insize=3089 outsize=530 ok=1
Cmd: preprocess
  insize=1908 outsize=547 ok=1
Cmd: preprocess
  insize=2036 outsize=619 ok=1
Cmd: preprocess
  insize=2810 outsize=421 ok=1
Cmd: preprocess
  insize=4579 outsize=872 ok=1
Cmd: preprocess
  insize=1537 outsize=614 ok=1
Cmd: preprocess
  insize=1643 outsize=526 ok=1
Cmd: preprocess
  insize=3116 outsize=513 ok=1
Cmd: preprocess
  insize=2193 outsize=536 ok=1
Cmd: preprocess
  insize=2074 outsize=525 ok=1
Cmd: preprocess
  insize=1877 outsize=567 ok=1
Cmd: preprocess
  insize=3550 outsize=491 ok=1
Cmd: preprocess
  insize=1886 outsize=577 ok=1
Cmd: preprocess
  insize=1746 outsize=575 ok=1
Cmd: preprocess
  insize=1945 outsize=730 ok=1
Cmd: preprocess
  insize=1728 outsize=543 ok=1
Cmd: preprocess
  insize=2533 outsize=642 ok=1
Cmd: preprocess
  insize=1808 outsize=588 ok=1
Cmd: preprocess
  insize=3107 outsize=571 ok=1
Cmd: preprocess
  insize=1173 outsize=448 ok=1
Cmd: preprocess
  insize=1860 outsize=521 ok=1
Cmd: preprocess
  insize=3318 outsize=531 ok=1
Cmd: preprocess
  insize=2296 outsize=569 ok=1
Cmd: preprocess
  insize=1819 outsize=522 ok=1
Cmd: preprocess
  insize=2357 outsize=615 ok=1
Cmd: preprocess
  insize=2006 outsize=672 ok=1
Cmd: preprocess
  insize=2825 outsize=669 ok=1
Cmd: preprocess
  insize=1716 outsize=524 ok=1
Cmd: compileSnippet
  error: 2 plat 4 at (57): undeclared identifier 'uvst'\nCompiling Vertex program
Platform defines: UNITY_NO_DXT5nm UNITY_ENABLE_REFLECTION_BUFFERS UNITY_NO_CUBEMAP_ARRAY UNITY_USE_DITHER_MASK_FOR_ALPHABLENDED_SHADOWS UNITY_PBS_USE_BRDF1 UNITY_SPECCUBE_BOX_PROJECTION UNITY_SPECCUBE_BLENDING UNITY_ENABLE_DETAIL_NORMALMAP SHADER_API_DESKTOP UNITY_COLORSPACE_GAMMA UNITY_LIGHT_PROBE_PROXY_VOLUME UNITY_LIGHTMAP_DLDR_ENCODING
  api=4 type=0 insize=1633 outsize=0 kw= pd=UNITY_NO_DXT5nm UNITY_ENABLE_REFLECTION_BUFFERS UNITY_NO_CUBEMAP_ARRAY UNITY_USE_DITHER_MASK_FOR_ALPHABLENDED_SHADOWS UNITY_PBS_USE_BRDF1 UNITY_SPECCUBE_BOX_PROJECTION UNITY_SPECCUBE_BLENDING UNITY_ENABLE_DETAIL_NORMALMAP SHADER_API_DESKTOP UNITY_COLORSPACE_GAMMA UNITY_LIGHT_PROBE_PROXY_VOLUME UNITY_LIGHTMAP_DLDR_ENCODING ok=0
Cmd: preprocess
  insize=1637 outsize=518 ok=1
Cmd: preprocess
  insize=2167 outsize=516 ok=1
Cmd: preprocess
  insize=1752 outsize=525 ok=1
Cmd: preprocess
  insize=2596 outsize=507 ok=1
Cmd: preprocess
  insize=1555 outsize=520 ok=1
Cmd: preprocess
  insize=3350 outsize=674 ok=1
Cmd: preprocess
  insize=2027 outsize=546 ok=1
Cmd: preprocess
  insize=2152 outsize=606 ok=1
Cmd: preprocess
  insize=2216 outsize=572 ok=1
Cmd: preprocess
  insize=1473 outsize=571 ok=1
Cmd: preprocess
  insize=1926 outsize=669 ok=1
Cmd: preprocess
  insize=2141 outsize=464 ok=1
Cmd: preprocess
  insize=1918 outsize=571 ok=1
Cmd: preprocess
  insize=2662 outsize=637 ok=1
Cmd: preprocess
  insize=1351 outsize=511 ok=1
Cmd: preprocess
  insize=1928 outsize=545 ok=1
Cmd: preprocess
  insize=1460 outsize=524 ok=1
Cmd: preprocess
  insize=1794 outsize=614 ok=1
Cmd: preprocess
  insize=1430 outsize=530 ok=1
Cmd: preprocess
  insize=2931 outsize=532 ok=1
Cmd: preprocess
  insize=2122 outsize=663 ok=1
Cmd: preprocess
  insize=2739 outsize=545 ok=1
Cmd: preprocess
  insize=2941 outsize=571 ok=1
Cmd: preprocess
  insize=2624 outsize=566 ok=1
Cmd: preprocess
  insize=3235 outsize=521 ok=1
Cmd: preprocess
  insize=6824 outsize=638 ok=1
Cmd: preprocess
  insize=1565 outsize=493 ok=1
Cmd: preprocess
  insize=2223 outsize=521 ok=1
Cmd: preprocess
  insize=1732 outsize=570 ok=1
Cmd: preprocess
  insize=2798 outsize=668 ok=1
Cmd: preprocess
  insize=1294 outsize=523 ok=1
Cmd: preprocess
  insize=1566 outsize=552 ok=1
Cmd: preprocess
  insize=1892 outsize=546 ok=1
Cmd: preprocess
  insize=2516 outsize=463 ok=1
Cmd: preprocess
  insize=2380 outsize=775 ok=1
Cmd: preprocess
  insize=2169 outsize=526 ok=1
Cmd: preprocess
  insize=3335 outsize=624 ok=1
Cmd: preprocess
  insize=2060 outsize=523 ok=1
Cmd: preprocess
  insize=2500 outsize=520 ok=1
Cmd: preprocess
  insize=2621 outsize=636 ok=1
Cmd: preprocess
  insize=1758 outsize=503 ok=1
Cmd: preprocess
  insize=1996 outsize=665 ok=1
Cmd: preprocess
  insize=1968 outsize=523 ok=1
Cmd: preprocess
  insize=1700 outsize=564 ok=1
Cmd: preprocess
  insize=3199 outsize=522 ok=1
Cmd: preprocess
  insize=1963 outsize=624 ok=1
Cmd: preprocess
  insize=5850 outsize=626 ok=1
Cmd: preprocess
  insize=3907 outsize=963 ok=1
Cmd: preprocess
  insize=1833 outsize=553 ok=1
Cmd: preprocess
  insize=1647 outsize=540 ok=1
Cmd: preprocess
  insize=2313 outsize=569 ok=1
Cmd: preprocess
  insize=1826 outsize=462 ok=1
Cmd: preprocess
  insize=2236 outsize=458 ok=1
Cmd: preprocess
  insize=1734 outsize=571 ok=1
Cmd: preprocess
  insize=2260 outsize=633 ok=1
Cmd: preprocess
  insize=5575 outsize=650 ok=1
Cmd: preprocess
  insize=1786 outsize=576 ok=1
Cmd: preprocess
  insize=2327 outsize=574 ok=1
Cmd: preprocess
  insize=1634 outsize=664 ok=1
Cmd: preprocess
  insize=1745 outsize=573 ok=1
Cmd: preprocess
  insize=1928 outsize=572 ok=1
Cmd: preprocess
  insize=2775 outsize=505 ok=1
Cmd: preprocess
  insize=2420 outsize=598 ok=1
Cmd: preprocess
  insize=1624 outsize=536 ok=1
Cmd: preprocess
  insize=2032 outsize=573 ok=1
Cmd: preprocess
  insize=1964 outsize=532 ok=1
Cmd: preprocess
  insize=1562 outsize=577 ok=1
Cmd: preprocess
  insize=1981 outsize=733 ok=1
Cmd: preprocess
  insize=1729 outsize=529 ok=1
Cmd: preprocess
  insize=1429 outsize=504 ok=1
Cmd: preprocess
  insize=2658 outsize=618 ok=1
Cmd: preprocess
  insize=1749 outsize=572 ok=1
Cmd: preprocess
  insize=2560 outsize=465 ok=1
Cmd: preprocess
  insize=1750 outsize=574 ok=1
Cmd: preprocess
  insize=1568 outsize=554 ok=1
Cmd: preprocess
  insize=1493 outsize=529 ok=1
Cmd: preprocess
  insize=1555 outsize=520 ok=1
Cmd: preprocess
  insize=2099 outsize=573 ok=1
Cmd: preprocess
  insize=1616 outsize=518 ok=1
Cmd: initializeCompiler
Cmd: initializeCompiler
Cmd: initializeCompiler
Cmd: initializeCompiler
Cmd: initializeCompiler
Cmd: initializeCompiler
Cmd: initializeCompiler
Cmd: initializeCompiler
Cmd: initializeCompiler
Cmd: initializeCompiler
Cmd: initializeCompiler
Cmd: initializeCompiler
Cmd: initializeCompiler
Cmd: initializeCompiler
Cmd: initializeCompiler
Cmd: initializeCompiler
Cmd: initializeCompiler
Cmd: initializeCompiler
Cmd: initializeCompiler
Cmd: initializeCompiler
Cmd: initializeCompiler
Cmd: initializeCompiler
Cmd: initializeCompiler
Cmd: initializeCompiler
Cmd: initializeCompiler
Cmd: initializeCompiler
Cmd: initializeCompiler
Cmd: initializeCompiler
Cmd: initializeCompiler
Cmd: initializeCompiler
Cmd: initializeCompiler
Cmd: initializeCompiler
Cmd: initializeCompiler
Cmd: initializeCompiler
Cmd: initializeCompiler
Cmd: initializeCompiler
Cmd: initializeCompiler
Cmd: initializeCompiler
Cmd: initializeCompiler
Cmd: initializeCompiler
Cmd: compileSnippet
  api=4 type=0 insize=2218 outsize=750 kw= pd=UNITY_NO_DXT5nm UNITY_ENABLE_REFLECTION_BUFFERS UNITY_NO_CUBEMAP_ARRAY UNITY_NO_SCREENSPACE_SHADOWS UNITY_PBS_USE_BRDF2 SHADER_API_DESKTOP UNITY_HARDWARE_TIER3 UNITY_COLORSPACE_GAMMA UNITY_LIGHTMAP_DLDR_ENCODING ok=1
Cmd: compileSnippet
  api=4 type=1 insize=2218 outsize=2478 kw= pd=UNITY_NO_DXT5nm UNITY_ENABLE_REFLECTION_BUFFERS UNITY_NO_CUBEMAP_ARRAY UNITY_NO_SCREENSPACE_SHADOWS UNITY_PBS_USE_BRDF2 SHADER_API_DESKTOP UNITY_HARDWARE_TIER3 UNITY_COLORSPACE_GAMMA UNITY_LIGHTMAP_DLDR_ENCODING ok=1
Cmd: initializeCompiler
Cmd: initializeCompiler
Cmd: initializeCompiler
Cmd: initializeCompiler
Cmd: initializeCompiler
Cmd: initializeCompiler
Cmd: initializeCompiler
Cmd: initializeCompiler
Cmd: initializeCompiler
Cmd: initializeCompiler
Cmd: initializeCompiler
Cmd: initializeCompiler
Cmd: initializeCompiler
Cmd: initializeCompiler
Cmd: initializeCompiler
Cmd: initializeCompiler
Cmd: initializeCompiler
Cmd: initializeCompiler
Cmd: initializeCompiler
Cmd: initializeCompiler
Cmd: initializeCompiler
Cmd: initializeCompiler
Cmd: initializeCompiler
Cmd: initializeCompiler
